07:32:05.459 [main] INFO  testCases.TC003_LoginDDT - ************Finished TC003_LoginDDT *********
07:32:05.467 [main] INFO  testCases.TC003_LoginDDT - ************Starting TC003_LoginDDT *********
07:32:07.579 [main] INFO  testCases.TC003_LoginDDT - ************Finished TC003_LoginDDT *********
07:32:07.581 [main] INFO  testCases.TC003_LoginDDT - ************Starting TC003_LoginDDT *********
07:32:18.784 [main] INFO  testCases.TC003_LoginDDT - ************Finished TC003_LoginDDT *********
07:32:18.789 [main] INFO  testCases.TC003_LoginDDT - ************Starting TC003_LoginDDT *********
07:32:21.437 [main] INFO  testCases.TC003_LoginDDT - ************Finished TC003_LoginDDT *********
07:32:21.438 [main] INFO  testCases.TC003_LoginDDT - ************Starting TC003_LoginDDT *********
07:32:32.883 [main] INFO  testCases.TC003_LoginDDT - ************Finished TC003_LoginDDT *********
06:39:19.636 [main] INFO  testCases.TC001_AccountRegistrationTest - ***** Starting TC001 Account Registration Test *****
06:39:19.785 [main] INFO  testCases.TC001_AccountRegistrationTest - Clicked on MyAccount link
06:39:20.452 [main] INFO  testCases.TC001_AccountRegistrationTest - Clicked on Register link
06:39:20.454 [main] INFO  testCases.TC001_AccountRegistrationTest - Providing Customer details...
06:39:21.792 [main] INFO  testCases.TC001_AccountRegistrationTest - Validating expected message
06:39:21.823 [main] INFO  testCases.TC001_AccountRegistrationTest - ******** Finished TC001_AccountRegistrationTest ********
06:39:25.978 [main] INFO  testCases.TC002_LoginTest - ***** Starting TC002 Login Test *****
06:39:27.480 [main] INFO  testCases.TC002_LoginTest - Validating the MyAccount message 
06:39:27.505 [main] INFO  testCases.TC002_LoginTest - ***** Finished TC002 Login Test *****
06:43:05.578 [main] INFO  testCases.TC001_AccountRegistrationTest - ***** Starting TC001 Account Registration Test *****
06:43:05.764 [main] INFO  testCases.TC001_AccountRegistrationTest - Clicked on MyAccount link
06:43:06.444 [main] INFO  testCases.TC001_AccountRegistrationTest - Clicked on Register link
06:43:06.446 [main] INFO  testCases.TC001_AccountRegistrationTest - Providing Customer details...
06:43:07.768 [main] INFO  testCases.TC001_AccountRegistrationTest - Validating expected message
06:43:07.803 [main] INFO  testCases.TC001_AccountRegistrationTest - ******** Finished TC001_AccountRegistrationTest ********
06:43:11.993 [main] INFO  testCases.TC002_LoginTest - ***** Starting TC002 Login Test *****
06:43:13.708 [main] INFO  testCases.TC002_LoginTest - Validating the MyAccount message 
06:43:13.731 [main] INFO  testCases.TC002_LoginTest - ***** Finished TC002 Login Test *****
06:46:42.404 [main] INFO  testCases.TC001_AccountRegistrationTest - ***** Starting TC001 Account Registration Test *****
06:46:42.501 [main] INFO  testCases.TC001_AccountRegistrationTest - Clicked on MyAccount link
06:46:43.156 [main] INFO  testCases.TC001_AccountRegistrationTest - Clicked on Register link
06:46:43.157 [main] INFO  testCases.TC001_AccountRegistrationTest - Providing Customer details...
06:46:44.572 [main] INFO  testCases.TC001_AccountRegistrationTest - Validating expected message
06:46:44.604 [main] INFO  testCases.TC001_AccountRegistrationTest - ******** Finished TC001_AccountRegistrationTest ********
06:46:48.908 [main] INFO  testCases.TC002_LoginTest - ***** Starting TC002 Login Test *****
06:46:50.240 [main] INFO  testCases.TC002_LoginTest - Validating the MyAccount message 
06:47:57.030 [main] INFO  testCases.TC001_AccountRegistrationTest - ***** Starting TC001 Account Registration Test *****
06:47:57.147 [main] INFO  testCases.TC001_AccountRegistrationTest - Clicked on MyAccount link
06:47:57.855 [main] INFO  testCases.TC001_AccountRegistrationTest - Clicked on Register link
06:47:57.856 [main] INFO  testCases.TC001_AccountRegistrationTest - Providing Customer details...
06:47:59.184 [main] INFO  testCases.TC001_AccountRegistrationTest - Validating expected message
06:47:59.216 [main] INFO  testCases.TC001_AccountRegistrationTest - ******** Finished TC001_AccountRegistrationTest ********
06:48:03.167 [main] INFO  testCases.TC002_LoginTest - ***** Starting TC002 Login Test *****
06:48:04.415 [main] INFO  testCases.TC002_LoginTest - Validating the MyAccount message 
06:53:40.867 [main] INFO  testCases.TC001_AccountRegistrationTest - ***** Starting TC001 Account Registration Test *****
06:53:40.997 [main] INFO  testCases.TC001_AccountRegistrationTest - Clicked on MyAccount link
06:53:41.645 [main] INFO  testCases.TC001_AccountRegistrationTest - Clicked on Register link
06:53:41.647 [main] INFO  testCases.TC001_AccountRegistrationTest - Providing Customer details...
06:53:42.980 [main] INFO  testCases.TC001_AccountRegistrationTest - Validating expected message
06:53:43.009 [main] INFO  testCases.TC001_AccountRegistrationTest - ******** Finished TC001_AccountRegistrationTest ********
06:53:47.015 [main] INFO  testCases.TC002_LoginTest - ***** Starting TC002 Login Test *****
